<?xml version="1.0" encoding="UTF-8"?>
<testng-results ignored="0" total="2" passed="2" failed="0" skipped="0">
  <reporter-output>
  </reporter-output>
  <suite started-at="2024-10-20T16:11:04 IST" name="Default suite" finished-at="2024-10-20T16:11:10 IST" duration-ms="6400">
    <groups>
    </groups>
    <test started-at="2024-10-20T16:11:04 IST" name="Default test" finished-at="2024-10-20T16:11:10 IST" duration-ms="6400">
      <class name="Goibibo.DBHomeMonitorTest">
        <test-method is-config="true" signature="launchBrowser()[pri:0, instance:Goibibo.DBHomeMonitorTest@36902638]" started-at="2024-10-20T16:11:04 IST" name="launchBrowser" finished-at="2024-10-20T16:11:10 IST" duration-ms="5966" status="PASS">
          <reporter-output>
          </reporter-output>
        </test-method> <!-- launchBrowser -->
        <test-method signature="clickOnMonitor()[pri:1, instance:Goibibo.DBHomeMonitorTest@36902638]" started-at="2024-10-20T16:11:10 IST" name="clickOnMonitor" finished-at="2024-10-20T16:11:10 IST" duration-ms="238" status="PASS">
          <reporter-output>
          </reporter-output>
        </test-method> <!-- clickOnMonitor -->
        <test-method signature="OnMonitors()[pri:2, instance:Goibibo.DBHomeMonitorTest@36902638]" started-at="2024-10-20T16:11:10 IST" name="OnMonitors" finished-at="2024-10-20T16:11:10 IST" duration-ms="130" status="PASS">
          <reporter-output>
          </reporter-output>
        </test-method> <!-- OnMonitors -->
      </class> <!-- Goibibo.DBHomeMonitorTest -->
    </test> <!-- Default test -->
  </suite> <!-- Default suite -->
</testng-results>
